c:\git\pathfinding\pathfinding\x64\debug\vc143.pdb
c:\git\pathfinding\pathfinding\x64\debug\vc143.idb
c:\git\pathfinding\pathfinding\x64\debug\tile.obj
c:\git\pathfinding\pathfinding\x64\debug\main.obj
c:\git\pathfinding\pathfinding\x64\debug\grid.obj
c:\git\pathfinding\pathfinding\x64\debug\game.obj
c:\git\pathfinding\x64\debug\pathfinding.exe
c:\git\pathfinding\pathfinding\x64\debug\pathfinding.ilk
c:\git\pathfinding\x64\debug\pathfinding.pdb
d:\git\pathfinding\pathfinding\x64\debug\game.obj
d:\git\pathfinding\pathfinding\x64\debug\grid.obj
d:\git\pathfinding\pathfinding\x64\debug\main.obj
d:\git\pathfinding\pathfinding\x64\debug\tile.obj
d:\git\pathfinding\pathfinding\x64\debug\pathfinding.ilk
d:\git\pathfinding\pathfinding\x64\debug\vc143.idb
d:\git\pathfinding\pathfinding\x64\debug\vc143.pdb
d:\git\pathfinding\x64\debug\pathfinding.pdb
d:\git\pathfinding\x64\debug\pathfinding.exe
d:\git\pathfinding\pathfinding\x64\debug\pathfinding.tlog\cl.command.1.tlog
d:\git\pathfinding\pathfinding\x64\debug\pathfinding.tlog\cl.read.1.tlog
d:\git\pathfinding\pathfinding\x64\debug\pathfinding.tlog\cl.write.1.tlog
d:\git\pathfinding\pathfinding\x64\debug\pathfinding.tlog\link.command.1.tlog
d:\git\pathfinding\pathfinding\x64\debug\pathfinding.tlog\link.read.1.tlog
d:\git\pathfinding\pathfinding\x64\debug\pathfinding.tlog\link.write.1.tlog
